<?xml version="1.0" encoding="UTF-8"?>
<!-- Generated by org.testng.reporters.JUnitReportReporter -->
<testsuite hostname="img-windows2008" name="was.test.w4q16.LoginPageTVT" tests="1" failures="0" timestamp="11 Oct 2016 02:28:31 GMT" time="0.289" errors="0">
  <testcase name="test_01_010_010" time="0.289" classname="was.test.w4q16.LoginPageTVT"/>
</testsuite> <!-- was.test.w4q16.LoginPageTVT -->
