<?xml version="1.0" encoding="UTF-8"?>
<!-- Generated by org.testng.reporters.JUnitReportReporter -->
<testsuite hostname="img-windows2008" name="was.test.w4q16.DeployTVT" tests="16" failures="0" timestamp="11 Oct 2016 02:28:31 GMT" time="127.176" errors="0">
  <testcase name="test_01_020_010" time="8.923" classname="was.test.w4q16.DeployTVT"/>
  <testcase name="test_01_020_150" time="3.150" classname="was.test.w4q16.DeployTVT"/>
  <testcase name="test_01_020_080" time="18.619" classname="was.test.w4q16.DeployTVT"/>
  <testcase name="test_01_020_140" time="6.262" classname="was.test.w4q16.DeployTVT"/>
  <testcase name="test_01_020_160" time="18.683" classname="was.test.w4q16.DeployTVT"/>
  <testcase name="test_01_020_100" time="3.153" classname="was.test.w4q16.DeployTVT"/>
  <testcase name="test_01_020_090" time="5.869" classname="was.test.w4q16.DeployTVT"/>
  <testcase name="test_01_020_120" time="3.169" classname="was.test.w4q16.DeployTVT"/>
  <testcase name="test_01_020_070" time="3.161" classname="was.test.w4q16.DeployTVT"/>
  <testcase name="test_01_020_030" time="3.185" classname="was.test.w4q16.DeployTVT"/>
  <testcase name="test_01_020_060" time="6.351" classname="was.test.w4q16.DeployTVT"/>
  <testcase name="test_01_020_050" time="18.580" classname="was.test.w4q16.DeployTVT"/>
  <testcase name="test_01_020_040" time="3.195" classname="was.test.w4q16.DeployTVT"/>
  <testcase name="test_01_020_020" time="3.180" classname="was.test.w4q16.DeployTVT"/>
  <testcase name="test_01_020_130" time="18.542" classname="was.test.w4q16.DeployTVT"/>
  <testcase name="test_01_020_110" time="3.154" classname="was.test.w4q16.DeployTVT"/>
</testsuite> <!-- was.test.w4q16.DeployTVT -->
